2025-09-10 14:45:48,678 - baseball_sim - INFO - Starting application initialization...
2025-09-10 14:45:48,679 - baseball_sim - INFO - Application logging initialized
2025-09-10 14:45:48,679 - baseball_sim - INFO - Random seed set to default: 0
2025-09-10 14:45:48,679 - baseball_sim - INFO - Application initialization completed successfully
2025-09-10 14:45:51,666 - baseball_sim - INFO - NN batting model loaded successfully
2025-09-10 14:45:51,690 - baseball_sim - INFO - NN batting model loaded successfully
2025-09-10 14:45:51,702 - baseball_sim - INFO - NN batting model loaded successfully
2025-09-10 14:45:51,712 - baseball_sim - INFO - NN batting model loaded successfully
2025-09-10 14:45:51,725 - baseball_sim - INFO - NN batting model loaded successfully
2025-09-10 14:45:51,745 - baseball_sim - INFO - NN batting model loaded successfully
2025-09-10 14:45:51,759 - baseball_sim - INFO - NN batting model loaded successfully
2025-09-10 14:45:51,768 - baseball_sim - INFO - NN batting model loaded successfully
2025-09-10 14:45:51,783 - baseball_sim - INFO - NN batting model loaded successfully
2025-09-10 14:45:51,797 - baseball_sim - INFO - NN batting model loaded successfully
2025-09-10 14:45:51,811 - baseball_sim - INFO - NN batting model loaded successfully
2025-09-10 14:45:51,824 - baseball_sim - INFO - NN batting model loaded successfully
2025-09-10 14:45:51,837 - baseball_sim - INFO - NN batting model loaded successfully
2025-09-10 14:45:51,849 - baseball_sim - INFO - NN batting model loaded successfully
2025-09-10 14:45:51,860 - baseball_sim - INFO - NN batting model loaded successfully
2025-09-10 14:45:51,876 - baseball_sim - INFO - NN batting model loaded successfully
2025-09-10 14:45:51,888 - baseball_sim - INFO - NN batting model loaded successfully
2025-09-10 14:45:51,901 - baseball_sim - INFO - NN batting model loaded successfully
2025-09-10 14:45:51,919 - baseball_sim - INFO - NN batting model loaded successfully
2025-09-10 14:45:51,937 - baseball_sim - INFO - NN batting model loaded successfully
2025-09-10 14:45:51,950 - baseball_sim - INFO - NN batting model loaded successfully
2025-09-10 14:45:51,963 - baseball_sim - INFO - NN batting model loaded successfully
2025-09-10 14:45:51,979 - baseball_sim - INFO - NN batting model loaded successfully
2025-09-10 14:45:51,991 - baseball_sim - INFO - NN batting model loaded successfully
2025-09-10 14:45:52,005 - baseball_sim - INFO - NN batting model loaded successfully
2025-09-10 14:45:52,017 - baseball_sim - INFO - NN batting model loaded successfully
2025-09-10 14:45:52,034 - baseball_sim - INFO - NN batting model loaded successfully
2025-09-10 14:45:52,051 - baseball_sim - INFO - NN batting model loaded successfully
2025-09-10 14:45:52,066 - baseball_sim - INFO - NN batting model loaded successfully
2025-09-10 14:45:52,081 - baseball_sim - INFO - NN batting model loaded successfully
2025-09-10 14:45:52,093 - baseball_sim - INFO - NN batting model loaded successfully
2025-09-10 14:45:52,103 - baseball_sim - INFO - NN batting model loaded successfully
2025-09-10 14:45:52,125 - baseball_sim - INFO - NN batting model loaded successfully
2025-09-10 14:45:52,134 - baseball_sim - INFO - NN batting model loaded successfully
2025-09-10 14:45:52,153 - baseball_sim - INFO - NN batting model loaded successfully
2025-09-10 14:45:52,169 - baseball_sim - INFO - NN batting model loaded successfully
2025-09-10 14:45:52,182 - baseball_sim - INFO - NN batting model loaded successfully
2025-09-10 14:45:52,194 - baseball_sim - INFO - NN batting model loaded successfully
2025-09-10 14:45:52,205 - baseball_sim - INFO - NN batting model loaded successfully
2025-09-10 14:45:52,215 - baseball_sim - INFO - NN batting model loaded successfully
2025-09-10 14:45:52,224 - baseball_sim - INFO - NN batting model loaded successfully
2025-09-10 14:45:52,235 - baseball_sim - INFO - NN batting model loaded successfully
2025-09-10 14:45:52,249 - baseball_sim - INFO - NN batting model loaded successfully
2025-09-10 14:45:52,259 - baseball_sim - INFO - NN batting model loaded successfully
2025-09-10 14:45:52,270 - baseball_sim - INFO - NN batting model loaded successfully
2025-09-10 14:45:52,282 - baseball_sim - INFO - NN batting model loaded successfully
2025-09-10 14:45:52,293 - baseball_sim - INFO - NN batting model loaded successfully
2025-09-10 14:45:52,304 - baseball_sim - INFO - NN batting model loaded successfully
2025-09-10 14:45:52,314 - baseball_sim - INFO - NN batting model loaded successfully
2025-09-10 14:45:52,327 - baseball_sim - INFO - NN batting model loaded successfully
2025-09-10 14:45:52,338 - baseball_sim - INFO - NN batting model loaded successfully
2025-09-10 14:45:52,351 - baseball_sim - INFO - NN batting model loaded successfully
2025-09-10 14:45:52,360 - baseball_sim - INFO - NN batting model loaded successfully
2025-09-10 14:45:52,371 - baseball_sim - INFO - NN batting model loaded successfully
2025-09-10 14:45:52,382 - baseball_sim - INFO - NN batting model loaded successfully
2025-09-10 14:45:52,477 - baseball_sim - INFO - NN batting model loaded successfully
2025-09-10 14:45:52,491 - baseball_sim - INFO - NN batting model loaded successfully
2025-09-10 14:45:52,508 - baseball_sim - INFO - NN batting model loaded successfully
2025-09-10 14:45:52,521 - baseball_sim - INFO - NN batting model loaded successfully
2025-09-10 14:45:52,537 - baseball_sim - INFO - NN batting model loaded successfully
2025-09-10 14:45:52,550 - baseball_sim - INFO - NN batting model loaded successfully
2025-09-10 14:45:52,563 - baseball_sim - INFO - NN batting model loaded successfully
2025-09-10 14:45:52,580 - baseball_sim - INFO - NN batting model loaded successfully
2025-09-10 14:45:52,597 - baseball_sim - INFO - NN batting model loaded successfully
2025-09-10 14:45:52,611 - baseball_sim - INFO - NN batting model loaded successfully
2025-09-10 14:45:52,628 - baseball_sim - INFO - NN batting model loaded successfully
2025-09-10 14:45:52,643 - baseball_sim - INFO - NN batting model loaded successfully
2025-09-10 14:45:52,658 - baseball_sim - INFO - NN batting model loaded successfully
2025-09-10 14:45:52,674 - baseball_sim - INFO - NN batting model loaded successfully
2025-09-10 14:45:52,690 - baseball_sim - INFO - NN batting model loaded successfully
2025-09-10 14:45:52,706 - baseball_sim - INFO - NN batting model loaded successfully
2025-09-10 14:45:52,721 - baseball_sim - INFO - NN batting model loaded successfully
2025-09-10 14:45:52,738 - baseball_sim - INFO - NN batting model loaded successfully
2025-09-10 14:45:52,749 - baseball_sim - INFO - NN batting model loaded successfully
2025-09-10 14:45:52,766 - baseball_sim - INFO - NN batting model loaded successfully
2025-09-10 14:45:52,778 - baseball_sim - INFO - NN batting model loaded successfully
2025-09-10 14:45:52,791 - baseball_sim - INFO - NN batting model loaded successfully
2025-09-10 14:45:52,808 - baseball_sim - INFO - NN batting model loaded successfully
2025-09-10 14:45:52,823 - baseball_sim - INFO - NN batting model loaded successfully
2025-09-10 14:45:52,839 - baseball_sim - INFO - NN batting model loaded successfully
2025-09-10 14:45:52,856 - baseball_sim - INFO - NN batting model loaded successfully
2025-09-10 14:45:52,874 - baseball_sim - INFO - NN batting model loaded successfully
2025-09-10 14:45:52,889 - baseball_sim - INFO - NN batting model loaded successfully
2025-09-10 14:45:52,910 - baseball_sim - INFO - NN batting model loaded successfully
2025-09-10 14:45:52,921 - baseball_sim - INFO - NN batting model loaded successfully
2025-09-10 14:45:52,936 - baseball_sim - INFO - NN batting model loaded successfully
2025-09-10 14:45:52,951 - baseball_sim - INFO - NN batting model loaded successfully
2025-09-10 14:45:52,965 - baseball_sim - INFO - Game ended due to extra innings limit (inning 12)
2025-09-10 14:45:52,966 - baseball_sim - INFO - NN batting model loaded successfully
2025-09-10 14:45:52,976 - baseball_sim - INFO - NN batting model loaded successfully
2025-09-10 14:45:52,986 - baseball_sim - INFO - NN batting model loaded successfully
2025-09-10 14:45:52,995 - baseball_sim - INFO - NN batting model loaded successfully
2025-09-10 14:45:53,007 - baseball_sim - INFO - NN batting model loaded successfully
2025-09-10 14:45:53,017 - baseball_sim - INFO - NN batting model loaded successfully
2025-09-10 14:45:53,029 - baseball_sim - INFO - NN batting model loaded successfully
2025-09-10 14:45:53,041 - baseball_sim - INFO - NN batting model loaded successfully
2025-09-10 14:45:53,053 - baseball_sim - INFO - NN batting model loaded successfully
2025-09-10 14:45:53,063 - baseball_sim - INFO - NN batting model loaded successfully
2025-09-10 14:45:53,074 - baseball_sim - INFO - NN batting model loaded successfully
2025-09-10 14:45:53,085 - baseball_sim - INFO - NN batting model loaded successfully
2025-09-10 14:45:53,095 - baseball_sim - INFO - NN batting model loaded successfully
